#
# A fatal error has been detected by the Java Runtime Environment:
#
#  EXCEPTION_ACCESS_VIOLATION (0xc0000005) at pc=0x586edc8b, pid=7876, tid=7316
#
# JRE version: 7.0_25-b17
# Java VM: Java HotSpot(TM) Client VM (23.25-b01 mixed mode windows-x86 )
# Problematic frame:
# V  [jvm.dll+0xbdc8b]
#
# Failed to write core dump. Minidumps are not enabled by default on client versions of Windows
#
# If you would like to submit a bug report, please visit:
#   http://bugreport.sun.com/bugreport/crash.jsp
#

---------------  T H R E A D  ---------------

Current thread (0x18b14400):  JavaThread "JDWP Transport Listener: dt_socket" daemon [_thread_in_vm, id=7316, stack(0x19100000,0x19150000)]

siginfo: ExceptionCode=0xc0000005, reading address 0x00000008

Registers:
EAX=0x00000008, EBX=0x00000000, ECX=0x00000008, EDX=0x00000000
ESP=0x1914f96c, EBP=0x1914f970, ESI=0x18b14400, EDI=0x029e85b8
EIP=0x586edc8b, EFLAGS=0x00010202

Top of Stack: (sp=0x1914f96c)
0x1914f96c:   18b14400 1914f99c 5880e5ea 00000008
0x1914f97c:   1914fa54 1914f9d7 18b14400 00000000
0x1914f98c:   00000000 00000000 18b14400 18b14400
0x1914f99c:   1914f9d8 69329d5c 029e85b8 00000008
0x1914f9ac:   1914f9d7 00000008 6931436d 00000008
0x1914f9bc:   1914f9d7 00000003 00000000 00000000
0x1914f9cc:   0000000a 00000000 00ed4e60 1914f9f8
0x1914f9dc:   693144e0 00000001 1914fa14 1914fa50 

Instructions: (pc=0x586edc8b)
0x586edc6b:   0c 5f 5e 5d c2 0c 00 cc cc cc cc cc cc cc cc cc
0x586edc7b:   cc cc cc cc cc 55 8b ec 8b 45 08 56 85 c0 74 28
0x586edc8b:   8b 30 85 f6 74 22 81 fe fe fe fe fe 74 1a 8b 4e
0x586edc9b:   04 8b 41 08 8b 90 90 00 00 00 83 c1 08 ff d2 84 


Register to memory mapping:

EAX=0x00000008 is an unknown value
EBX=0x00000000 is an unknown value
ECX=0x00000008 is an unknown value
EDX=0x00000000 is an unknown value
ESP=0x1914f96c is pointing into the stack for thread: 0x18b14400
EBP=0x1914f970 is pointing into the stack for thread: 0x18b14400
ESI=0x18b14400 is a thread
EDI=0x029e85b8 is an unknown value


Stack: [0x19100000,0x19150000],  sp=0x1914f96c,  free space=318k
Native frames: (J=compiled Java code, j=interpreted, Vv=VM code, C=native code)
V  [jvm.dll+0xbdc8b]
V  [jvm.dll+0x1de5ea]
C  [jdwp.dll+0x19d5c]  Agent_OnLoad+0xe9ef
C  [jdwp.dll+0x44e0]
C  [jdwp.dll+0x451e]


---------------  P R O C E S S  ---------------

Java Threads: ( => current thread )
  0x02954400 JavaThread "cluster1-nio-worker-7" [_thread_in_native, id=3604, stack(0x1cac0000,0x1cb10000)]
  0x02953800 JavaThread "cluster1-nio-worker-6" [_thread_in_native, id=8848, stack(0x1c8e0000,0x1c930000)]
  0x02953000 JavaThread "cluster1-nio-worker-5" [_thread_in_native, id=7700, stack(0x1c930000,0x1c980000)]
  0x02952800 JavaThread "cluster1-nio-worker-4" [_thread_in_native, id=10208, stack(0x1cd10000,0x1cd60000)]
  0x02951c00 JavaThread "cluster1-nio-worker-3" [_thread_in_native, id=4308, stack(0x1c790000,0x1c7e0000)]
  0x198b4800 JavaThread "cluster1-nio-worker-2" [_thread_in_native, id=8832, stack(0x1c9b0000,0x1ca00000)]
  0x198b4000 JavaThread "cluster1-reconnection-1" [_thread_blocked, id=8704, stack(0x1c890000,0x1c8e0000)]
  0x198b3400 JavaThread "cluster1-reconnection-0" [_thread_blocked, id=5468, stack(0x1c6e0000,0x1c730000)]
  0x029ec400 JavaThread "DestroyJavaVM" [_thread_blocked, id=9240, stack(0x00270000,0x002c0000)]
  0x19931800 JavaThread "cluster1-nio-worker-1" [_thread_in_native, id=2024, stack(0x19a30000,0x19a80000)]
  0x19874000 JavaThread "threadDeathWatcher-2-1" daemon [_thread_blocked, id=5192, stack(0x19ce0000,0x19d30000)]
  0x19866c00 JavaThread "cluster1-timeouter-0" [_thread_blocked, id=4520, stack(0x19c00000,0x19c50000)]
  0x19840000 JavaThread "cluster1-nio-worker-0" [_thread_in_native, id=8232, stack(0x19c70000,0x19cc0000)]
  0x197b9000 JavaThread "cluster1-scheduled-task-worker-0" [_thread_blocked, id=8396, stack(0x19b40000,0x19b90000)]
  0x19667000 JavaThread "cluster1-connection-reaper-0" [_thread_blocked, id=8648, stack(0x19a90000,0x19ae0000)]
  0x18b31800 JavaThread "Service Thread" daemon [_thread_blocked, id=7888, stack(0x19550000,0x195a0000)]
  0x18b39c00 JavaThread "C1 CompilerThread0" daemon [_thread_blocked, id=9492, stack(0x19440000,0x19490000)]
  0x18b1f400 JavaThread "JDWP Command Reader" daemon [_thread_in_native, id=9012, stack(0x19020000,0x19070000)]
  0x18b1d000 JavaThread "JDWP Event Helper Thread" daemon [_thread_blocked, id=9804, stack(0x192c0000,0x19310000)]
=>0x18b14400 JavaThread "JDWP Transport Listener: dt_socket" daemon [_thread_in_vm, id=7316, stack(0x19100000,0x19150000)]
  0x18b0dc00 JavaThread "Attach Listener" daemon [_thread_blocked, id=9348, stack(0x19090000,0x190e0000)]
  0x18b0ac00 JavaThread "Signal Dispatcher" daemon [_thread_blocked, id=9464, stack(0x18f00000,0x18f50000)]
  0x18ab2c00 JavaThread "Finalizer" daemon [_thread_blocked, id=4320, stack(0x18cb0000,0x18d00000)]
  0x18aac400 JavaThread "Reference Handler" daemon [_thread_blocked, id=7968, stack(0x18e90000,0x18ee0000)]

Other Threads:
  0x18aa8000 VMThread [stack: 0x00f50000,0x00fa0000] [id=4716]
  0x18b37000 WatcherThread [stack: 0x195c0000,0x19610000] [id=4788]

VM state:not at safepoint (normal execution)

VM Mutex/Monitor currently owned by a thread: None

Heap
 def new generation   total 6272K, used 5659K [0x049f0000, 0x050b0000, 0x09f40000)
  eden space 5632K,  89% used [0x049f0000, 0x04ed6cc0, 0x04f70000)
  from space 640K,  99% used [0x05010000, 0x050afff8, 0x050b0000)
  to   space 640K,   0% used [0x04f70000, 0x04f70000, 0x05010000)
 tenured generation   total 13680K, used 8698K [0x09f40000, 0x0ac9c000, 0x149f0000)
   the space 13680K,  63% used [0x09f40000, 0x0a7be990, 0x0a7bea00, 0x0ac9c000)
 compacting perm gen  total 12288K, used 10388K [0x149f0000, 0x155f0000, 0x189f0000)
   the space 12288K,  84% used [0x149f0000, 0x15415298, 0x15415400, 0x155f0000)
No shared spaces configured.

Card table byte_map: [0x189f0000,0x18aa0000] byte_map_base: 0x189cb080

Polling page: 0x001c0000

Code Cache  [0x029f0000, 0x02c28000, 0x049f0000)
 total_blobs=1425 nmethods=1256 adapters=111 free_code_cache=30504Kb largest_free_block=31236736

Compilation events (10 events):
Event: 66263.301 Thread 0x18b39c00 1250   !         com.datastax.driver.core.TypeCodec$SetCodec::deserialize (80 bytes)
Event: 66264.115 Thread 0x18b39c00 nmethod 1250 0x02c20ac8 code [0x02c20c50, 0x02c20f34]
Event: 66264.140 Thread 0x18b39c00 1251   !         com.datastax.driver.core.Metadata$TokenMap::build (451 bytes)
Event: 66266.205 Thread 0x18b39c00 nmethod 1251 0x02c21388 code [0x02c21790, 0x02c22404]
Event: 66266.205 Thread 0x18b39c00 1252             com.datastax.driver.core.Metadata$TokenMap::makeTokenRanges (111 bytes)
Event: 66266.214 Thread 0x18b39c00 nmethod 1252 0x02c23b48 code [0x02c23d60, 0x02c245f0]
Event: 66266.214 Thread 0x18b39c00 1253             com.google.common.collect.ImmutableList::construct (31 bytes)
Event: 66266.226 Thread 0x18b39c00 nmethod 1253 0x02c24ec8 code [0x02c25020, 0x02c2526c]
Event: 66266.227 Thread 0x18b39c00 1254             com.datastax.driver.core.Metadata$TokenMap::makeNonReplicatedMap (72 bytes)
Event: 66266.227 Thread 0x18b39c00 nmethod 1254 0x02c25548 code [0x02c25700, 0x02c259f8]

GC Heap History (10 events):
Event: 2965.450 GC heap before
{Heap before GC invocations=144 (full 17):
 def new generation   total 6272K, used 5701K [0x049f0000, 0x050b0000, 0x09f40000)
  eden space 5632K, 100% used [0x049f0000, 0x04f70000, 0x04f70000)
  from space 640K,  10% used [0x04f70000, 0x04f817e8, 0x05010000)
  to   space 640K,   0% used [0x05010000, 0x05010000, 0x050b0000)
 tenured generation   total 13680K, used 12516K [0x09f40000, 0x0ac9c000, 0x149f0000)
   the space 13680K,  91% used [0x09f40000, 0x0ab791c0, 0x0ab79200, 0x0ac9c000)
 compacting perm gen  total 12288K, used 10222K [0x149f0000, 0x155f0000, 0x189f0000)
   the space 12288K,  83% used [0x149f0000, 0x153eb900, 0x153eba00, 0x155f0000)
No shared spaces configured.
Event: 2967.531 GC heap after
Heap after GC invocations=145 (full 18):
 def new generation   total 6272K, used 0K [0x049f0000, 0x050b0000, 0x09f40000)
  eden space 5632K,   0% used [0x049f0000, 0x049f0000, 0x04f70000)
  from space 640K,   0% used [0x05010000, 0x05010000, 0x050b0000)
  to   space 640K,   0% used [0x04f70000, 0x04f70000, 0x05010000)
 tenured generation   total 13680K, used 7047K [0x09f40000, 0x0ac9c000, 0x149f0000)
   the space 13680K,  51% used [0x09f40000, 0x0a621f18, 0x0a622000, 0x0ac9c000)
 compacting perm gen  total 12288K, used 10222K [0x149f0000, 0x155f0000, 0x189f0000)
   the space 12288K,  83% used [0x149f0000, 0x153eb900, 0x153eba00, 0x155f0000)
No shared spaces configured.
}
Event: 5447.470 GC heap before
{Heap before GC invocations=145 (full 18):
 def new generation   total 6272K, used 5632K [0x049f0000, 0x050b0000, 0x09f40000)
  eden space 5632K, 100% used [0x049f0000, 0x04f70000, 0x04f70000)
  from space 640K,   0% used [0x05010000, 0x05010000, 0x050b0000)
  to   space 640K,   0% used [0x04f70000, 0x04f70000, 0x05010000)
 tenured generation   total 13680K, used 7047K [0x09f40000, 0x0ac9c000, 0x149f0000)
   the space 13680K,  51% used [0x09f40000, 0x0a621f18, 0x0a622000, 0x0ac9c000)
 compacting perm gen  total 12288K, used 10238K [0x149f0000, 0x155f0000, 0x189f0000)
   the space 12288K,  83% used [0x149f0000, 0x153ef9b8, 0x153efa00, 0x155f0000)
No shared spaces configured.
Event: 5447.480 GC heap after
Heap after GC invocations=146 (full 18):
 def new generation   total 6272K, used 640K [0x049f0000, 0x050b0000, 0x09f40000)
  eden space 5632K,   0% used [0x049f0000, 0x049f0000, 0x04f70000)
  from space 640K, 100% used [0x04f70000, 0x05010000, 0x05010000)
  to   space 640K,   0% used [0x05010000, 0x05010000, 0x050b0000)
 tenured generation   total 13680K, used 7566K [0x09f40000, 0x0ac9c000, 0x149f0000)
   the space 13680K,  55% used [0x09f40000, 0x0a6a3950, 0x0a6a3a00, 0x0ac9c000)
 compacting perm gen  total 12288K, used 10238K [0x149f0000, 0x155f0000, 0x189f0000)
   the space 12288K,  83% used [0x149f0000, 0x153ef9b8, 0x153efa00, 0x155f0000)
No shared spaces configured.
}
Event: 10281.723 GC heap before
{Heap before GC invocations=146 (full 18):
 def new generation   total 6272K, used 6272K [0x049f0000, 0x050b0000, 0x09f40000)
  eden space 5632K, 100% used [0x049f0000, 0x04f70000, 0x04f70000)
  from space 640K, 100% used [0x04f70000, 0x05010000, 0x05010000)
  to   space 640K,   0% used [0x05010000, 0x05010000, 0x050b0000)
 tenured generation   total 13680K, used 7566K [0x09f40000, 0x0ac9c000, 0x149f0000)
   the space 13680K,  55% used [0x09f40000, 0x0a6a3950, 0x0a6a3a00, 0x0ac9c000)
 compacting perm gen  total 12288K, used 10238K [0x149f0000, 0x155f0000, 0x189f0000)
   the space 12288K,  83% used [0x149f0000, 0x153ef9f8, 0x153efa00, 0x155f0000)
No shared spaces configured.
Event: 10281.726 GC heap after
Heap after GC invocations=147 (full 18):
 def new generation   total 6272K, used 0K [0x049f0000, 0x050b0000, 0x09f40000)
  eden space 5632K,   0% used [0x049f0000, 0x049f0000, 0x04f70000)
  from space 640K,   0% used [0x05010000, 0x05010240, 0x050b0000)
  to   space 640K,   0% used [0x04f70000, 0x04f70000, 0x05010000)
 tenured generation   total 13680K, used 8205K [0x09f40000, 0x0ac9c000, 0x149f0000)
   the space 13680K,  59% used [0x09f40000, 0x0a743710, 0x0a743800, 0x0ac9c000)
 compacting perm gen  total 12288K, used 10238K [0x149f0000, 0x155f0000, 0x189f0000)
   the space 12288K,  83% used [0x149f0000, 0x153ef9f8, 0x153efa00, 0x155f0000)
No shared spaces configured.
}
Event: 15667.108 GC heap before
{Heap before GC invocations=147 (full 18):
 def new generation   total 6272K, used 5632K [0x049f0000, 0x050b0000, 0x09f40000)
  eden space 5632K,  99% used [0x049f0000, 0x04f6fff0, 0x04f70000)
  from space 640K,   0% used [0x05010000, 0x05010240, 0x050b0000)
  to   space 640K,   0% used [0x04f70000, 0x04f70000, 0x05010000)
 tenured generation   total 13680K, used 8205K [0x09f40000, 0x0ac9c000, 0x149f0000)
   the space 13680K,  59% used [0x09f40000, 0x0a743710, 0x0a743800, 0x0ac9c000)
 compacting perm gen  total 12288K, used 10238K [0x149f0000, 0x155f0000, 0x189f0000)
   the space 12288K,  83% used [0x149f0000, 0x153efa08, 0x153efc00, 0x155f0000)
No shared spaces configured.
Event: 15667.109 GC heap after
Heap after GC invocations=148 (full 18):
 def new generation   total 6272K, used 0K [0x049f0000, 0x050b0000, 0x09f40000)
  eden space 5632K,   0% used [0x049f0000, 0x049f0000, 0x04f70000)
  from space 640K,   0% used [0x04f70000, 0x04f70260, 0x05010000)
  to   space 640K,   0% used [0x05010000, 0x05010000, 0x050b0000)
 tenured generation   total 13680K, used 8205K [0x09f40000, 0x0ac9c000, 0x149f0000)
   the space 13680K,  59% used [0x09f40000, 0x0a743710, 0x0a743800, 0x0ac9c000)
 compacting perm gen  total 12288K, used 10238K [0x149f0000, 0x155f0000, 0x189f0000)
   the space 12288K,  83% used [0x149f0000, 0x153efa08, 0x153efc00, 0x155f0000)
No shared spaces configured.
}
Event: 66264.333 GC heap before
{Heap before GC invocations=148 (full 18):
 def new generation   total 6272K, used 5632K [0x049f0000, 0x050b0000, 0x09f40000)
  eden space 5632K, 100% used [0x049f0000, 0x04f70000, 0x04f70000)
  from space 640K,   0% used [0x04f70000, 0x04f70260, 0x05010000)
  to   space 640K,   0% used [0x05010000, 0x05010000, 0x050b0000)
 tenured generation   total 13680K, used 8205K [0x09f40000, 0x0ac9c000, 0x149f0000)
   the space 13680K,  59% used [0x09f40000, 0x0a743710, 0x0a743800, 0x0ac9c000)
 compacting perm gen  total 12288K, used 10238K [0x149f0000, 0x155f0000, 0x189f0000)
   the space 12288K,  83% used [0x149f0000, 0x153efa18, 0x153efc00, 0x155f0000)
No shared spaces configured.
Event: 66265.835 GC heap after
Heap after GC invocations=149 (full 18):
 def new generation   total 6272K, used 639K [0x049f0000, 0x050b0000, 0x09f40000)
  eden space 5632K,   0% used [0x049f0000, 0x049f0000, 0x04f70000)
  from space 640K,  99% used [0x05010000, 0x050afff8, 0x050b0000)
  to   space 640K,   0% used [0x04f70000, 0x04f70000, 0x05010000)
 tenured generation   total 13680K, used 8698K [0x09f40000, 0x0ac9c000, 0x149f0000)
   the space 13680K,  63% used [0x09f40000, 0x0a7be990, 0x0a7bea00, 0x0ac9c000)
 compacting perm gen  total 12288K, used 10238K [0x149f0000, 0x155f0000, 0x189f0000)
   the space 12288K,  83% used [0x149f0000, 0x153efa18, 0x153efc00, 0x155f0000)
No shared spaces configured.
}

Deoptimization events (0 events):
No events

Internal exceptions (10 events):
Event: 66340.020 Thread 0x02954400 Threw 0x04b09090 at C:\jdk7u2_32P\jdk7u25\hotspot\src\share\vm\prims\jvm.cpp:1235
Event: 66340.113 Thread 0x02954400 Threw 0x04b0de40 at C:\jdk7u2_32P\jdk7u25\hotspot\src\share\vm\prims\jvm.cpp:1235
Event: 66340.704 Thread 0x02954400 Threw 0x04b14190 at C:\jdk7u2_32P\jdk7u25\hotspot\src\share\vm\prims\jvm.cpp:1235
Event: 66340.956 Thread 0x02954400 Threw 0x04b18b10 at C:\jdk7u2_32P\jdk7u25\hotspot\src\share\vm\prims\jvm.cpp:1235
Event: 66340.958 Thread 0x02954400 Threw 0x04b1dd80 at C:\jdk7u2_32P\jdk7u25\hotspot\src\share\vm\prims\jvm.cpp:1235
Event: 66340.960 Thread 0x02954400 Threw 0x04b230b0 at C:\jdk7u2_32P\jdk7u25\hotspot\src\share\vm\prims\jvm.cpp:1235
Event: 66341.080 Thread 0x02954400 Threw 0x04b275b8 at C:\jdk7u2_32P\jdk7u25\hotspot\src\share\vm\prims\jvm.cpp:1235
Event: 66341.091 Thread 0x02954400 Threw 0x04b2dc18 at C:\jdk7u2_32P\jdk7u25\hotspot\src\share\vm\prims\jvm.cpp:1235
Event: 66341.247 Thread 0x02954400 Threw 0x04b32b58 at C:\jdk7u2_32P\jdk7u25\hotspot\src\share\vm\prims\jvm.cpp:1235
Event: 68508.871 Thread 0x18b14400 Threw 0x04bc19a8 at C:\jdk7u2_32P\jdk7u25\hotspot\src\share\vm\prims\jvm.cpp:1235

Events (10 events):
Event: 68508.871 loading class 0x1bed9678
Event: 68508.871 loading class 0x1bed9678 done
Event: 68508.871 Thread 0x18b14400 DEOPT PACKING pc=0x02af0c94 sp=0x1914e8c0
Event: 68508.871 Thread 0x18b14400 DEOPT UNPACKING pc=0x02a1cdb9 sp=0x1914e7b8 mode 1
Event: 68508.871 Thread 0x18b14400 DEOPT PACKING pc=0x02af0968 sp=0x1914e910
Event: 68508.871 Thread 0x18b14400 DEOPT UNPACKING pc=0x02a1cdb9 sp=0x1914e7e8 mode 1
Event: 68508.871 Thread 0x18b14400 DEOPT PACKING pc=0x02af03a4 sp=0x1914ec70
Event: 68508.871 Thread 0x18b14400 DEOPT UNPACKING pc=0x02a1cdb9 sp=0x1914eb54 mode 1
Event: 68509.080 Executing VM operation: RedefineClasses
Event: 68509.114 Executing VM operation: RedefineClasses done


Dynamic libraries:
0x01350000 - 0x0137f000 	C:\Program Files (x86)\Java\jdk1.7.0_25\bin\java.exe
0x77290000 - 0x77410000 	C:\Windows\SysWOW64\ntdll.dll
0x762c0000 - 0x763d0000 	C:\Windows\syswow64\kernel32.dll
0x768a0000 - 0x768e7000 	C:\Windows\syswow64\KERNELBASE.dll
0x751d0000 - 0x75270000 	C:\Windows\syswow64\ADVAPI32.dll
0x74e70000 - 0x74f1c000 	C:\Windows\syswow64\msvcrt.dll
0x76730000 - 0x76749000 	C:\Windows\SysWOW64\sechost.dll
0x74f20000 - 0x75010000 	C:\Windows\syswow64\RPCRT4.dll
0x74db0000 - 0x74e10000 	C:\Windows\syswow64\SspiCli.dll
0x74da0000 - 0x74dac000 	C:\Windows\syswow64\CRYPTBASE.dll
0x76a60000 - 0x76b60000 	C:\Windows\syswow64\USER32.dll
0x76980000 - 0x76a10000 	C:\Windows\syswow64\GDI32.dll
0x76460000 - 0x7646a000 	C:\Windows\syswow64\LPK.dll
0x76ca0000 - 0x76d3d000 	C:\Windows\syswow64\USP10.dll
0x70ab0000 - 0x70c4e000 	C:\Windows\WinSxS\x86_microsoft.windows.common-controls_6595b64144ccf1df_6.0.7601.18837_none_41e855142bd5705d\COMCTL32.dll
0x76e30000 - 0x76e87000 	C:\Windows\syswow64\SHLWAPI.dll
0x74e10000 - 0x74e70000 	C:\Windows\system32\IMM32.DLL
0x76d60000 - 0x76e2c000 	C:\Windows\syswow64\MSCTF.dll
0x69fc0000 - 0x6a3ec000 	C:\Program Files (x86)\RSA\Enforce\bin\__DLPSyringe__.DLL
0x74670000 - 0x74677000 	C:\Windows\system32\WSOCK32.dll
0x767a0000 - 0x767d5000 	C:\Windows\syswow64\WS2_32.dll
0x77260000 - 0x77266000 	C:\Windows\syswow64\NSI.dll
0x76470000 - 0x7660d000 	C:\Windows\syswow64\SETUPAPI.dll
0x76130000 - 0x76157000 	C:\Windows\syswow64\CFGMGR32.dll
0x763d0000 - 0x7645f000 	C:\Windows\syswow64\OLEAUT32.dll
0x76160000 - 0x762bc000 	C:\Windows\syswow64\ole32.dll
0x76a40000 - 0x76a52000 	C:\Windows\syswow64\DEVOBJ.dll
0x76610000 - 0x76730000 	C:\Windows\syswow64\CRYPT32.dll
0x76b60000 - 0x76b6c000 	C:\Windows\syswow64\MSASN1.dll
0x6f450000 - 0x6f4a1000 	C:\Windows\system32\WINSPOOL.DRV
0x75270000 - 0x75ebb000 	C:\Windows\syswow64\SHELL32.dll
0x73c30000 - 0x73c38000 	C:\Windows\system32\Secur32.dll
0x73ce0000 - 0x73ce9000 	C:\Windows\system32\VERSION.dll
0x70a70000 - 0x70a87000 	C:\Windows\system32\USERENV.dll
0x70aa0000 - 0x70aab000 	C:\Windows\system32\profapi.dll
0x73d60000 - 0x73d71000 	C:\Windows\system32\NETAPI32.dll
0x73d50000 - 0x73d59000 	C:\Windows\system32\netutils.dll
0x73d30000 - 0x73d49000 	C:\Windows\system32\srvcli.dll
0x73d20000 - 0x73d2f000 	C:\Windows\system32\wkscli.dll
0x73cf0000 - 0x73d12000 	C:\Windows\system32\LOGONCLI.DLL
0x72890000 - 0x72893000 	C:\Windows\system32\security.dll
0x63b20000 - 0x63bde000 	C:\Program Files (x86)\Java\jdk1.7.0_25\jre\bin\msvcr100.dll
0x58630000 - 0x58972000 	C:\Program Files (x86)\Java\jdk1.7.0_25\jre\bin\client\jvm.dll
0x709c0000 - 0x709f2000 	C:\Windows\system32\WINMM.dll
0x76d50000 - 0x76d55000 	C:\Windows\syswow64\PSAPI.DLL
0x69540000 - 0x6954c000 	C:\Program Files (x86)\Java\jdk1.7.0_25\jre\bin\verify.dll
0x694a0000 - 0x694c0000 	C:\Program Files (x86)\Java\jdk1.7.0_25\jre\bin\java.dll
0x69310000 - 0x6933a000 	C:\Program Files (x86)\Java\jdk1.7.0_25\jre\bin\jdwp.dll
0x6b700000 - 0x6b707000 	C:\Program Files (x86)\Java\jdk1.7.0_25\jre\bin\npt.dll
0x76b70000 - 0x76b9d000 	C:\Windows\syswow64\WINTRUST.dll
0x692f0000 - 0x69303000 	C:\Program Files (x86)\Java\jdk1.7.0_25\jre\bin\zip.dll
0x69490000 - 0x69498000 	C:\Program Files (x86)\Java\jdk1.7.0_25\jre\bin\dt_socket.dll
0x742d0000 - 0x7430c000 	C:\Windows\system32\mswsock.dll
0x742c0000 - 0x742c5000 	C:\Windows\System32\wshtcpip.dll
0x692d0000 - 0x692e4000 	C:\Program Files (x86)\Java\jdk1.7.0_25\jre\bin\net.dll
0x6f6b0000 - 0x6f6b6000 	C:\Windows\System32\wship6.dll
0x692a0000 - 0x692af000 	C:\Program Files (x86)\Java\jdk1.7.0_25\jre\bin\nio.dll
0x70a50000 - 0x70a66000 	C:\Windows\system32\CRYPTSP.dll
0x70a10000 - 0x70a4b000 	C:\Windows\system32\rsaenh.dll
0x69290000 - 0x6929a000 	C:\Program Files (x86)\Java\jdk1.7.0_25\jre\bin\management.dll
0x6f8b0000 - 0x6f99b000 	C:\Windows\system32\dbghelp.dll

VM Arguments:
jvm_args: -agentlib:jdwp=transport=dt_socket,address=127.0.0.1:58099,suspend=y,server=n -Dfile.encoding=ISO-8859-1 
java_command: com.shc.json.flatten.DynamicJsonFlattener
Launcher Type: SUN_STANDARD

Environment Variables:
JAVA_HOME=C:\Program Files (x86)\Java\jdk1.8.0_11
PATH=C:\Program Files (x86)\JetBrains\IntelliJ IDEA Community Edition 14.0.2\bin\;C:\Windows\system32;C:\Windows;C:\Windows\System32\Wbem;C:\Windows\System32\WindowsPowerShell\v1.0\;C:\Program Files (x86)\Symantec\VIP Access Client\;C:\Program Files\CREDANT\Shield v7.1\;C:\Program Files (x86)\Java\jdk1.8.0_11\bin;C:\Program Files\TortoiseSVN\bin;C:\Dev_Tools\apache-maven-3.0.5\bin
USERNAME=uchaudh
OS=Windows_NT
PROCESSOR_IDENTIFIER=Intel64 Family 6 Model 42 Stepping 7, GenuineIntel



---------------  S Y S T E M  ---------------

OS: Windows 7 , 64 bit Build 7601 Service Pack 1

CPU:total 4 (2 cores per cpu, 2 threads per core) family 6 model 42 stepping 7, cmov, cx8, fxsr, mmx, sse, sse2, sse3, ssse3, sse4.1, sse4.2, popcnt, avx, ht, tsc, tscinvbit

Memory: 4k page, physical 4088764k(447632k free), swap 8175676k(1341356k free)

vm_info: Java HotSpot(TM) Client VM (23.25-b01) for windows-x86 JRE (1.7.0_25-b17), built on Jun 21 2013 13:06:48 by "java_re" with unknown MS VC++:1600

time: Tue Jul 07 11:59:46 2015
elapsed time: 68509 seconds

